System.Threading.ThreadAbortException: Thread was being aborted.
   at System.Threading.Thread.AbortInternal()
   at System.Threading.Thread.Abort(Object stateInfo)
   at System.Web.HttpResponse.AbortCurrentThread()
   at chatroom.Page_Load(Object sender, EventArgs e) in F:\kirsoft\hrm\mgtcontract\contract_mgt\chatroom.aspx.vb:line 43
update chatroom set active='n' where ssid='fuzoolthanmz4tgiqfphskkq'
System.Threading.ThreadAbortException: Thread was being aborted.
   at System.Threading.Thread.AbortInternal()
   at System.Threading.Thread.Abort(Object stateInfo)
   at System.Web.HttpResponse.AbortCurrentThread()
   at chatroom.Page_Load(Object sender, EventArgs e) in F:\kirsoft\hrm\mgtcontract\contract_mgt\chatroom.aspx.vb:line 43
update chatroom set active='n' where ssid='fuzoolthanmz4tgiqfphskkq'
<=======12/26/2018 8:57:24 PM
System.NullReferenceException: Object reference not set to an instance of an object.
   at Kirsoft.contract.dbclass.excutes(Object sql, Object strcon, String pathx) in F:\kirsoft\hrm\mgtcontract\contract_mgt\App_Code\mastercode.vb:line 6996
update chatroom set active='n' where ssid='fuzoolthanmz4tgiqfphskkq'
System.NullReferenceException: Object reference not set to an instance of an object.
   at Kirsoft.contract.dbclass.excutes(Object sql, Object strcon, String pathx) in F:\kirsoft\hrm\mgtcontract\contract_mgt\App_Code\mastercode.vb:line 6996
update chatroom set active='n' where ssid='fuzoolthanmz4tgiqfphskkq'
System.Threading.ThreadAbortException: Thread was being aborted.
   at System.Threading.Thread.AbortInternal()
   at System.Threading.Thread.Abort(Object stateInfo)
   at System.Web.HttpResponse.AbortCurrentThread()
   at chatroom.Page_Load(Object sender, EventArgs e) in F:\kirsoft\hrm\mgtcontract\contract_mgt\chatroom.aspx.vb:line 43
update chatroom set active='n' where ssid='fuzoolthanmz4tgiqfphskkq'
System.Threading.ThreadAbortException: Thread was being aborted.
   at System.Threading.Thread.AbortInternal()
   at System.Threading.Thread.Abort(Object stateInfo)
   at System.Web.HttpResponse.AbortCurrentThread()
   at chatroom.Page_Load(Object sender, EventArgs e) in F:\kirsoft\hrm\mgtcontract\contract_mgt\chatroom.aspx.vb:line 43
update chatroom set active='n' where ssid='fuzoolthanmz4tgiqfphskkq'
<=======12/26/2018 8:57:24 PM
<=======12/26/2018 8:57:24 PM
