System.NullReferenceException: Object reference not set to an instance of an object.
   at Kirsoft.contract.dbclass.excutes(Object sql, Object strcon, String pathx) in F:\kirsoft\hrm\mgtcontract\netsystem\App_Code\mastercode.vb:line 6996
update chatroom set active='n' where ssid='iros4m55ovnlr2a5jbx3uj45'
System.NullReferenceException: Object reference not set to an instance of an object.
   at Kirsoft.contract.dbclass.excutes(Object sql, Object strcon, String pathx) in F:\kirsoft\hrm\mgtcontract\netsystem\App_Code\mastercode.vb:line 6996
update chatroom set active='n' where ssid='iros4m55ovnlr2a5jbx3uj45'
<=======21/01/2019 22:46:00
System.NullReferenceException: Object reference not set to an instance of an object.
   at Kirsoft.contract.dbclass.excutes(Object sql, Object strcon, String pathx) in F:\kirsoft\hrm\mgtcontract\netsystem\App_Code\mastercode.vb:line 6996
update chatroom set active='n' where ssid='ellnbf55zkzjo1552ye2ivvo'
System.NullReferenceException: Object reference not set to an instance of an object.
   at Kirsoft.contract.dbclass.excutes(Object sql, Object strcon, String pathx) in F:\kirsoft\hrm\mgtcontract\netsystem\App_Code\mastercode.vb:line 6996
update chatroom set active='n' where ssid='ellnbf55zkzjo1552ye2ivvo'
System.NullReferenceException: Object reference not set to an instance of an object.
   at Kirsoft.contract.dbclass.excutes(Object sql, Object strcon, String pathx) in F:\kirsoft\hrm\mgtcontract\netsystem\App_Code\mastercode.vb:line 6996
update chatroom set active='n' where ssid='iros4m55ovnlr2a5jbx3uj45'
System.NullReferenceException: Object reference not set to an instance of an object.
   at Kirsoft.contract.dbclass.excutes(Object sql, Object strcon, String pathx) in F:\kirsoft\hrm\mgtcontract\netsystem\App_Code\mastercode.vb:line 6996
update chatroom set active='n' where ssid='iros4m55ovnlr2a5jbx3uj45'
<=======21/01/2019 22:46:00
<=======01/02/2019 05:16:20
System.NullReferenceException: Object reference not set to an instance of an object.
   at Kirsoft.contract.dbclass.excutes(Object sql, Object strcon, String pathx) in F:\kirsoft\hrm\mgtcontract\netsystem\App_Code\mastercode.vb:line 6996
update chatroom set active='n' where ssid='dqdhe345mmg5lq45oqvrbyiq'
System.NullReferenceException: Object reference not set to an instance of an object.
   at Kirsoft.contract.dbclass.excutes(Object sql, Object strcon, String pathx) in F:\kirsoft\hrm\mgtcontract\netsystem\App_Code\mastercode.vb:line 6996
update chatroom set active='n' where ssid='dqdhe345mmg5lq45oqvrbyiq'
System.NullReferenceException: Object reference not set to an instance of an object.
   at Kirsoft.contract.dbclass.excutes(Object sql, Object strcon, String pathx) in F:\kirsoft\hrm\mgtcontract\netsystem\App_Code\mastercode.vb:line 6996
update chatroom set active='n' where ssid='iros4m55ovnlr2a5jbx3uj45'
System.NullReferenceException: Object reference not set to an instance of an object.
   at Kirsoft.contract.dbclass.excutes(Object sql, Object strcon, String pathx) in F:\kirsoft\hrm\mgtcontract\netsystem\App_Code\mastercode.vb:line 6996
update chatroom set active='n' where ssid='iros4m55ovnlr2a5jbx3uj45'
<=======21/01/2019 22:46:00
System.NullReferenceException: Object reference not set to an instance of an object.
   at Kirsoft.contract.dbclass.excutes(Object sql, Object strcon, String pathx) in F:\kirsoft\hrm\mgtcontract\netsystem\App_Code\mastercode.vb:line 6996
update chatroom set active='n' where ssid='ellnbf55zkzjo1552ye2ivvo'
System.NullReferenceException: Object reference not set to an instance of an object.
   at Kirsoft.contract.dbclass.excutes(Object sql, Object strcon, String pathx) in F:\kirsoft\hrm\mgtcontract\netsystem\App_Code\mastercode.vb:line 6996
update chatroom set active='n' where ssid='ellnbf55zkzjo1552ye2ivvo'
System.NullReferenceException: Object reference not set to an instance of an object.
   at Kirsoft.contract.dbclass.excutes(Object sql, Object strcon, String pathx) in F:\kirsoft\hrm\mgtcontract\netsystem\App_Code\mastercode.vb:line 6996
update chatroom set active='n' where ssid='iros4m55ovnlr2a5jbx3uj45'
System.NullReferenceException: Object reference not set to an instance of an object.
   at Kirsoft.contract.dbclass.excutes(Object sql, Object strcon, String pathx) in F:\kirsoft\hrm\mgtcontract\netsystem\App_Code\mastercode.vb:line 6996
update chatroom set active='n' where ssid='iros4m55ovnlr2a5jbx3uj45'
<=======21/01/2019 22:46:00
<=======01/02/2019 05:16:20
<=======01/02/2019 05:21:26
