System.NullReferenceException: Object reference not set to an instance of an object.
   at Kirsoft.contract.dbclass.excutes(Object sql, Object strcon, String pathx) in F:\kirsoft\hrm\mgtcontract\netsystem\App_Code\mastercode.vb:line 6996
update chatroom set active='n' where ssid='2utu1er4isfg1kasuhiolmns'
System.NullReferenceException: Object reference not set to an instance of an object.
   at Kirsoft.contract.dbclass.excutes(Object sql, Object strcon, String pathx) in F:\kirsoft\hrm\mgtcontract\netsystem\App_Code\mastercode.vb:line 6996
update chatroom set active='n' where ssid='2utu1er4isfg1kasuhiolmns'
<=======07/02/2019 22:14:01
System.NullReferenceException: Object reference not set to an instance of an object.
   at Kirsoft.contract.dbclass.excutes(Object sql, Object strcon, String pathx) in F:\kirsoft\hrm\mgtcontract\netsystem\App_Code\mastercode.vb:line 6996
update chatroom set active='n' where ssid='2utu1er4isfg1kasuhiolmns'
System.NullReferenceException: Object reference not set to an instance of an object.
   at Kirsoft.contract.dbclass.excutes(Object sql, Object strcon, String pathx) in F:\kirsoft\hrm\mgtcontract\netsystem\App_Code\mastercode.vb:line 6996
update chatroom set active='n' where ssid='2utu1er4isfg1kasuhiolmns'
System.NullReferenceException: Object reference not set to an instance of an object.
   at Kirsoft.contract.dbclass.excutes(Object sql, Object strcon, String pathx) in F:\kirsoft\hrm\mgtcontract\netsystem\App_Code\mastercode.vb:line 6996
update chatroom set active='n' where ssid='2utu1er4isfg1kasuhiolmns'
System.NullReferenceException: Object reference not set to an instance of an object.
   at Kirsoft.contract.dbclass.excutes(Object sql, Object strcon, String pathx) in F:\kirsoft\hrm\mgtcontract\netsystem\App_Code\mastercode.vb:line 6996
update chatroom set active='n' where ssid='2utu1er4isfg1kasuhiolmns'
<=======07/02/2019 22:14:01
<=======07/02/2019 22:19:16
System.NullReferenceException: Object reference not set to an instance of an object.
   at Kirsoft.contract.dbclass.excutes(Object sql, Object strcon, String pathx) in F:\kirsoft\hrm\mgtcontract\netsystem\App_Code\mastercode.vb:line 6996
update chatroom set active='n' where ssid='lqwog245fhbtnszw13gk51bk'
System.NullReferenceException: Object reference not set to an instance of an object.
   at Kirsoft.contract.dbclass.excutes(Object sql, Object strcon, String pathx) in F:\kirsoft\hrm\mgtcontract\netsystem\App_Code\mastercode.vb:line 6996
update chatroom set active='n' where ssid='lqwog245fhbtnszw13gk51bk'
System.NullReferenceException: Object reference not set to an instance of an object.
   at Kirsoft.contract.dbclass.excutes(Object sql, Object strcon, String pathx) in F:\kirsoft\hrm\mgtcontract\netsystem\App_Code\mastercode.vb:line 6996
update chatroom set active='n' where ssid='2utu1er4isfg1kasuhiolmns'
System.NullReferenceException: Object reference not set to an instance of an object.
   at Kirsoft.contract.dbclass.excutes(Object sql, Object strcon, String pathx) in F:\kirsoft\hrm\mgtcontract\netsystem\App_Code\mastercode.vb:line 6996
update chatroom set active='n' where ssid='2utu1er4isfg1kasuhiolmns'
<=======07/02/2019 22:14:01
System.NullReferenceException: Object reference not set to an instance of an object.
   at Kirsoft.contract.dbclass.excutes(Object sql, Object strcon, String pathx) in F:\kirsoft\hrm\mgtcontract\netsystem\App_Code\mastercode.vb:line 6996
update chatroom set active='n' where ssid='2utu1er4isfg1kasuhiolmns'
System.NullReferenceException: Object reference not set to an instance of an object.
   at Kirsoft.contract.dbclass.excutes(Object sql, Object strcon, String pathx) in F:\kirsoft\hrm\mgtcontract\netsystem\App_Code\mastercode.vb:line 6996
update chatroom set active='n' where ssid='2utu1er4isfg1kasuhiolmns'
System.NullReferenceException: Object reference not set to an instance of an object.
   at Kirsoft.contract.dbclass.excutes(Object sql, Object strcon, String pathx) in F:\kirsoft\hrm\mgtcontract\netsystem\App_Code\mastercode.vb:line 6996
update chatroom set active='n' where ssid='2utu1er4isfg1kasuhiolmns'
System.NullReferenceException: Object reference not set to an instance of an object.
   at Kirsoft.contract.dbclass.excutes(Object sql, Object strcon, String pathx) in F:\kirsoft\hrm\mgtcontract\netsystem\App_Code\mastercode.vb:line 6996
update chatroom set active='n' where ssid='2utu1er4isfg1kasuhiolmns'
<=======07/02/2019 22:14:01
<=======07/02/2019 22:19:16
<=======07/02/2019 22:28:17
