System.NullReferenceException: Object reference not set to an instance of an object.
   at Kirsoft.contract.dbclass.excutes(Object sql, Object strcon, String pathx) in F:\kirsoft\hrm\mgtcontract\contract_mgt\App_Code\mastercode.vb:line 6996
update chatroom set active='n' where ssid='cc3q2sa5zdvnmieuc5v10bql'
System.NullReferenceException: Object reference not set to an instance of an object.
   at Kirsoft.contract.dbclass.excutes(Object sql, Object strcon, String pathx) in F:\kirsoft\hrm\mgtcontract\contract_mgt\App_Code\mastercode.vb:line 6996
update chatroom set active='n' where ssid='cc3q2sa5zdvnmieuc5v10bql'
<=======1/20/2019 2:36:23 AM
System.Threading.ThreadAbortException: Thread was being aborted.
   at System.Threading.Thread.AbortInternal()
   at System.Threading.Thread.Abort(Object stateInfo)
   at System.Web.HttpResponse.AbortCurrentThread()
   at chatroom.Page_Load(Object sender, EventArgs e) in F:\kirsoft\hrm\mgtcontract\contract_mgt\chatroom.aspx.vb:line 43
update chatroom set active='n' where ssid='cc3q2sa5zdvnmieuc5v10bql'
System.Threading.ThreadAbortException: Thread was being aborted.
   at System.Threading.Thread.AbortInternal()
   at System.Threading.Thread.Abort(Object stateInfo)
   at System.Web.HttpResponse.AbortCurrentThread()
   at chatroom.Page_Load(Object sender, EventArgs e) in F:\kirsoft\hrm\mgtcontract\contract_mgt\chatroom.aspx.vb:line 43
update chatroom set active='n' where ssid='cc3q2sa5zdvnmieuc5v10bql'
System.NullReferenceException: Object reference not set to an instance of an object.
   at Kirsoft.contract.dbclass.excutes(Object sql, Object strcon, String pathx) in F:\kirsoft\hrm\mgtcontract\contract_mgt\App_Code\mastercode.vb:line 6996
update chatroom set active='n' where ssid='cc3q2sa5zdvnmieuc5v10bql'
System.NullReferenceException: Object reference not set to an instance of an object.
   at Kirsoft.contract.dbclass.excutes(Object sql, Object strcon, String pathx) in F:\kirsoft\hrm\mgtcontract\contract_mgt\App_Code\mastercode.vb:line 6996
update chatroom set active='n' where ssid='cc3q2sa5zdvnmieuc5v10bql'
<=======1/20/2019 2:36:23 AM
<=======1/20/2019 2:36:23 AM
