System.NullReferenceException: Object reference not set to an instance of an object.
   at Kirsoft.contract.dbclass.excutes(Object sql, Object strcon, String pathx) in F:\kirsoft\hrm\mgtcontract\contract_mgt\App_Code\mastercode.vb:line 6996
update chatroom set active='n' where ssid='cc3q2sa5zdvnmieuc5v10bql'
System.NullReferenceException: Object reference not set to an instance of an object.
   at Kirsoft.contract.dbclass.excutes(Object sql, Object strcon, String pathx) in F:\kirsoft\hrm\mgtcontract\contract_mgt\App_Code\mastercode.vb:line 6996
update chatroom set active='n' where ssid='cc3q2sa5zdvnmieuc5v10bql'
<=======1/20/2019 2:36:24 AM
System.NullReferenceException: Object reference not set to an instance of an object.
   at Kirsoft.contract.dbclass.excutes(Object sql, Object strcon, String pathx) in F:\kirsoft\hrm\mgtcontract\contract_mgt\App_Code\mastercode.vb:line 6996
update chatroom set active='n' where ssid='cc3q2sa5zdvnmieuc5v10bql'
System.NullReferenceException: Object reference not set to an instance of an object.
   at Kirsoft.contract.dbclass.excutes(Object sql, Object strcon, String pathx) in F:\kirsoft\hrm\mgtcontract\contract_mgt\App_Code\mastercode.vb:line 6996
update chatroom set active='n' where ssid='cc3q2sa5zdvnmieuc5v10bql'
System.NullReferenceException: Object reference not set to an instance of an object.
   at Kirsoft.contract.dbclass.excutes(Object sql, Object strcon, String pathx) in F:\kirsoft\hrm\mgtcontract\contract_mgt\App_Code\mastercode.vb:line 6996
update chatroom set active='n' where ssid='cc3q2sa5zdvnmieuc5v10bql'
System.NullReferenceException: Object reference not set to an instance of an object.
   at Kirsoft.contract.dbclass.excutes(Object sql, Object strcon, String pathx) in F:\kirsoft\hrm\mgtcontract\contract_mgt\App_Code\mastercode.vb:line 6996
update chatroom set active='n' where ssid='cc3q2sa5zdvnmieuc5v10bql'
<=======1/20/2019 2:36:24 AM
<=======20/01/2019 02:36:25
System.NullReferenceException: Object reference not set to an instance of an object.
   at Kirsoft.contract.dbclass.excutes(Object sql, Object strcon, String pathx) in F:\kirsoft\hrm\mgtcontract\contract_mgt\App_Code\mastercode.vb:line 6996
update chatroom set active='n' where ssid='cc3q2sa5zdvnmieuc5v10bql'
System.NullReferenceException: Object reference not set to an instance of an object.
   at Kirsoft.contract.dbclass.excutes(Object sql, Object strcon, String pathx) in F:\kirsoft\hrm\mgtcontract\contract_mgt\App_Code\mastercode.vb:line 6996
update chatroom set active='n' where ssid='cc3q2sa5zdvnmieuc5v10bql'
System.NullReferenceException: Object reference not set to an instance of an object.
   at Kirsoft.contract.dbclass.excutes(Object sql, Object strcon, String pathx) in F:\kirsoft\hrm\mgtcontract\contract_mgt\App_Code\mastercode.vb:line 6996
update chatroom set active='n' where ssid='cc3q2sa5zdvnmieuc5v10bql'
System.NullReferenceException: Object reference not set to an instance of an object.
   at Kirsoft.contract.dbclass.excutes(Object sql, Object strcon, String pathx) in F:\kirsoft\hrm\mgtcontract\contract_mgt\App_Code\mastercode.vb:line 6996
update chatroom set active='n' where ssid='cc3q2sa5zdvnmieuc5v10bql'
<=======1/20/2019 2:36:24 AM
System.NullReferenceException: Object reference not set to an instance of an object.
   at Kirsoft.contract.dbclass.excutes(Object sql, Object strcon, String pathx) in F:\kirsoft\hrm\mgtcontract\contract_mgt\App_Code\mastercode.vb:line 6996
update chatroom set active='n' where ssid='cc3q2sa5zdvnmieuc5v10bql'
System.NullReferenceException: Object reference not set to an instance of an object.
   at Kirsoft.contract.dbclass.excutes(Object sql, Object strcon, String pathx) in F:\kirsoft\hrm\mgtcontract\contract_mgt\App_Code\mastercode.vb:line 6996
update chatroom set active='n' where ssid='cc3q2sa5zdvnmieuc5v10bql'
System.NullReferenceException: Object reference not set to an instance of an object.
   at Kirsoft.contract.dbclass.excutes(Object sql, Object strcon, String pathx) in F:\kirsoft\hrm\mgtcontract\contract_mgt\App_Code\mastercode.vb:line 6996
update chatroom set active='n' where ssid='cc3q2sa5zdvnmieuc5v10bql'
System.NullReferenceException: Object reference not set to an instance of an object.
   at Kirsoft.contract.dbclass.excutes(Object sql, Object strcon, String pathx) in F:\kirsoft\hrm\mgtcontract\contract_mgt\App_Code\mastercode.vb:line 6996
update chatroom set active='n' where ssid='cc3q2sa5zdvnmieuc5v10bql'
<=======1/20/2019 2:36:24 AM
<=======20/01/2019 02:36:25
<=======1/20/2019 2:36:25 AM
